2025-05-15 16:50:59,744 - storage - ERROR - Error retrieving content from database: (psycopg2.OperationalError) connection to server at "localhost" (::1), port 5432 failed: FATAL:  database "ai_dashboard" does not exist

(Background on this error at: https://sqlalche.me/e/20/e3q8)
2025-05-15 16:51:00,515 - storage - ERROR - Error retrieving content from database: (psycopg2.OperationalError) connection to server at "localhost" (::1), port 5432 failed: FATAL:  database "ai_dashboard" does not exist

(Background on this error at: https://sqlalche.me/e/20/e3q8)
2025-05-15 16:53:03,140 - storage - ERROR - Error retrieving content from database: (psycopg2.OperationalError) connection to server at "localhost" (::1), port 5432 failed: FATAL:  database "ai_dashboard" does not exist

(Background on this error at: https://sqlalche.me/e/20/e3q8)
2025-05-15 16:53:03,425 - storage - ERROR - Error retrieving content from database: (psycopg2.OperationalError) connection to server at "localhost" (::1), port 5432 failed: FATAL:  database "ai_dashboard" does not exist

(Background on this error at: https://sqlalche.me/e/20/e3q8)
2025-05-15 16:53:28,679 - storage - ERROR - Error retrieving content from database: (psycopg2.OperationalError) connection to server at "localhost" (::1), port 5432 failed: FATAL:  database "ai_dashboard" does not exist

(Background on this error at: https://sqlalche.me/e/20/e3q8)
2025-05-15 16:53:28,949 - storage - ERROR - Error retrieving content from database: (psycopg2.OperationalError) connection to server at "localhost" (::1), port 5432 failed: FATAL:  database "ai_dashboard" does not exist

(Background on this error at: https://sqlalche.me/e/20/e3q8)
2025-05-15 17:03:17,988 - storage - INFO - Saved 0 new tweets to database
2025-05-15 17:03:18,007 - storage - INFO - Saved 10 new LinkedIn posts to database
2025-05-15 17:03:18,010 - storage - INFO - Saved 5 new RSS entries to database
2025-05-15 17:03:18,010 - storage - INFO - Saved 15 new items to database
2025-05-15 17:07:57,110 - storage - INFO - Saved 8 new tweets to database
2025-05-15 17:07:57,113 - storage - INFO - Saved 0 new LinkedIn posts to database
2025-05-15 17:07:57,122 - storage - INFO - Saved 5 new RSS entries to database
2025-05-15 17:07:57,123 - storage - INFO - Saved 13 new items to database
